2025-05-25 10:29:30 ... Applying migrations
Operations to perform:
  Apply all migrations: admin, auth, contenttypes, screening, sessions
Running migrations:
  Applying contenttypes.0001_initial... OK
  Applying auth.0001_initial... OK
  Applying admin.0001_initial... OK
  Applying admin.0002_logentry_remove_auto_add... OK
  Applying admin.0003_logentry_add_action_flag_choices... OK
  Applying contenttypes.0002_remove_content_type_name... OK
  Applying auth.0002_alter_permission_name_max_length... OK
  Applying auth.0003_alter_user_email_max_length... OK
  Applying auth.0004_alter_user_username_opts... OK
  Applying auth.0005_alter_user_last_login_null... OK
  Applying auth.0006_require_contenttypes_0002... OK
  Applying auth.0007_alter_validators_add_error_messages... OK
  Applying auth.0008_alter_user_username_max_length... OK
  Applying auth.0009_alter_user_last_name_max_length... OK
  Applying auth.0010_alter_group_name_max_length... OK
  Applying auth.0011_update_proxy_permissions... OK
  Applying auth.0012_alter_user_first_name_max_length... OK
  Applying screening.0001_initial... OK
  Applying sessions.0001_initial... OK
2025-05-25 10:29:33 ... Applying migrations is DONE
2025-05-25 10:29:33 ... Loading Initial data
Installed 1 object(s) from 1 fixture(s)
2025-05-25 10:29:35 ... Loading Initial data is DONE
2025-05-25 10:29:35 ... Running the Server
Watching for file changes with StatReloader
Performing system checks...

System check identified no issues (0 silenced).
May 25, 2025 - 10:29:39
Django version 5.1.9, using settings 'app.settings'
Starting development server at http://0.0.0.0:8000/
Quit the server with CONTROL-C.

[25/May/2025 10:29:50] "POST /api/token/ HTTP/1.1" 200 483
[25/May/2025 10:29:54] "GET /admin/screening/candidate/482b2ea5-540b-4ad4-9d12-1645d254fb0a/delete/ HTTP/1.1" 302 0
[25/May/2025 10:29:54] "GET /admin/login/?next=/admin/screening/candidate/482b2ea5-540b-4ad4-9d12-1645d254fb0a/delete/ HTTP/1.1" 200 4288
[25/May/2025 10:29:54] "GET /static/admin/css/dark_mode.css HTTP/1.1" 200 2804
[25/May/2025 10:29:54] "GET /static/admin/css/login.css HTTP/1.1" 200 951
[25/May/2025 10:29:54] "GET /static/admin/css/nav_sidebar.css HTTP/1.1" 200 2810
[25/May/2025 10:29:54] "GET /static/admin/css/responsive.css HTTP/1.1" 200 17972
[25/May/2025 10:29:54] "GET /static/admin/js/theme.js HTTP/1.1" 200 1653
[25/May/2025 10:29:54] "GET /static/admin/css/base.css HTTP/1.1" 200 22092
[25/May/2025 10:29:54] "GET /static/admin/js/nav_sidebar.js HTTP/1.1" 200 3063
[25/May/2025 10:29:55] "POST /admin/login/?next=/admin/screening/candidate/482b2ea5-540b-4ad4-9d12-1645d254fb0a/delete/ HTTP/1.1" 302 0
[25/May/2025 10:29:56] "GET /admin/screening/candidate/482b2ea5-540b-4ad4-9d12-1645d254fb0a/delete/ HTTP/1.1" 302 0
[25/May/2025 10:29:56] "GET /admin/ HTTP/1.1" 200 6937
[25/May/2025 10:29:56] "GET /static/admin/css/dashboard.css HTTP/1.1" 200 441
[25/May/2025 10:29:56] "GET /static/admin/img/icon-alert.svg HTTP/1.1" 200 504
[25/May/2025 10:29:56] "GET /static/admin/img/icon-addlink.svg HTTP/1.1" 200 331
[25/May/2025 10:29:56] "GET /static/admin/img/icon-changelink.svg HTTP/1.1" 200 380
[25/May/2025 10:29:57] "GET /admin/screening/candidate/ HTTP/1.1" 200 7876
[25/May/2025 10:29:57] "GET /static/admin/js/core.js HTTP/1.1" 200 6208
[25/May/2025 10:29:57] "GET /static/admin/css/changelists.css HTTP/1.1" 200 6878
[25/May/2025 10:29:57] "GET /static/admin/js/admin/RelatedObjectLookups.js HTTP/1.1" 200 9097
[25/May/2025 10:29:57] "GET /static/admin/js/jquery.init.js HTTP/1.1" 200 347
[25/May/2025 10:29:57] "GET /static/admin/js/vendor/jquery/jquery.js HTTP/1.1" 200 285314
[25/May/2025 10:29:57] "GET /static/admin/js/prepopulate.js HTTP/1.1" 200 1531
[25/May/2025 10:29:57] "GET /static/admin/js/urlify.js HTTP/1.1" 200 7887
[25/May/2025 10:29:57] "GET /static/admin/js/actions.js HTTP/1.1" 200 8076
[25/May/2025 10:29:57] "GET /admin/jsi18n/ HTTP/1.1" 200 3342
[25/May/2025 10:29:57] "GET /static/admin/js/vendor/xregexp/xregexp.js HTTP/1.1" 200 325171
[25/May/2025 10:29:57] "GET /static/admin/js/filters.js HTTP/1.1" 200 978
[25/May/2025 10:29:57] "GET /static/admin/img/tooltag-add.svg HTTP/1.1" 200 331
[25/May/2025 10:29:59] "POST /api/candidates/ HTTP/1.1" 201 241
[25/May/2025 10:30:02] "GET /admin/screening/candidate/ HTTP/1.1" 200 9858
[25/May/2025 10:30:02] "GET /static/admin/css/base.css HTTP/1.1" 304 0
[25/May/2025 10:30:02] "GET /static/admin/css/dark_mode.css HTTP/1.1" 304 0
[25/May/2025 10:30:02] "GET /static/admin/css/changelists.css HTTP/1.1" 304 0
[25/May/2025 10:30:02] "GET /static/admin/js/theme.js HTTP/1.1" 304 0
[25/May/2025 10:30:02] "GET /static/admin/css/nav_sidebar.css HTTP/1.1" 304 0
[25/May/2025 10:30:02] "GET /static/admin/css/responsive.css HTTP/1.1" 304 0
[25/May/2025 10:30:02] "GET /static/admin/js/vendor/jquery/jquery.js HTTP/1.1" 304 0
[25/May/2025 10:30:02] "GET /static/admin/js/jquery.init.js HTTP/1.1" 304 0
[25/May/2025 10:30:02] "GET /static/admin/js/core.js HTTP/1.1" 304 0
[25/May/2025 10:30:02] "GET /admin/jsi18n/ HTTP/1.1" 200 3342
[25/May/2025 10:30:02] "GET /static/admin/js/admin/RelatedObjectLookups.js HTTP/1.1" 304 0
[25/May/2025 10:30:02] "GET /static/admin/js/actions.js HTTP/1.1" 304 0
[25/May/2025 10:30:02] "GET /static/admin/js/prepopulate.js HTTP/1.1" 304 0
[25/May/2025 10:30:02] "GET /static/admin/js/urlify.js HTTP/1.1" 304 0
[25/May/2025 10:30:02] "GET /static/admin/js/vendor/xregexp/xregexp.js HTTP/1.1" 304 0
[25/May/2025 10:30:02] "GET /static/admin/js/nav_sidebar.js HTTP/1.1" 304 0
[25/May/2025 10:30:02] "GET /static/admin/js/filters.js HTTP/1.1" 304 0
[25/May/2025 10:30:02] "GET /static/admin/img/tooltag-add.svg HTTP/1.1" 304 0
[25/May/2025 10:30:02] "GET /static/admin/img/icon-addlink.svg HTTP/1.1" 304 0
[25/May/2025 10:30:03] "GET /admin/screening/candidate/ccc770ae-c814-42c9-80de-f61abfd3febd/change/ HTTP/1.1" 200 11356
[25/May/2025 10:30:03] "GET /static/admin/js/prepopulate_init.js HTTP/1.1" 200 586
[25/May/2025 10:30:03] "GET /static/admin/css/forms.css HTTP/1.1" 200 8794
[25/May/2025 10:30:03] "GET /admin/jsi18n/ HTTP/1.1" 200 3342
[25/May/2025 10:30:04] "GET /static/admin/js/change_form.js HTTP/1.1" 200 606
[25/May/2025 10:30:04] "GET /static/admin/css/widgets.css HTTP/1.1" 200 11564
[25/May/2025 10:30:06] "GET /admin/screening/candidate/ HTTP/1.1" 200 9858
Not Found: /api/candidates/Get details Candidate
[25/May/2025 10:30:23] "GET /api/candidates/Get%20details%20Candidate HTTP/1.1" 404 3208
[25/May/2025 10:31:27] "GET /api/candidates/ccc770ae-c814-42c9-80de-f61abfd3febd HTTP/1.1" 301 0
[25/May/2025 10:31:27] "GET /api/candidates/ccc770ae-c814-42c9-80de-f61abfd3febd/ HTTP/1.1" 200 298
2025-05-25 10:36:05 ... Applying migrations
Operations to perform:
  Apply all migrations: admin, auth, contenttypes, screening, sessions
Running migrations:
  No migrations to apply.
2025-05-25 10:36:08 ... Applying migrations is DONE
2025-05-25 10:36:08 ... Loading Initial data
Installed 1 object(s) from 1 fixture(s)
2025-05-25 10:36:09 ... Loading Initial data is DONE
2025-05-25 10:36:09 ... Running the Server
Watching for file changes with StatReloader
Performing system checks...

System check identified no issues (0 silenced).
May 25, 2025 - 10:36:13
Django version 5.1.9, using settings 'app.settings'
Starting development server at http://0.0.0.0:8000/
Quit the server with CONTROL-C.

2025-05-25 10:38:06 ... Applying migrations
Operations to perform:
  Apply all migrations: admin, auth, contenttypes, screening, sessions
Running migrations:
  Applying contenttypes.0001_initial... OK
  Applying auth.0001_initial... OK
  Applying admin.0001_initial... OK
  Applying admin.0002_logentry_remove_auto_add... OK
  Applying admin.0003_logentry_add_action_flag_choices... OK
  Applying contenttypes.0002_remove_content_type_name... OK
  Applying auth.0002_alter_permission_name_max_length... OK
  Applying auth.0003_alter_user_email_max_length... OK
  Applying auth.0004_alter_user_username_opts... OK
  Applying auth.0005_alter_user_last_login_null... OK
  Applying auth.0006_require_contenttypes_0002... OK
  Applying auth.0007_alter_validators_add_error_messages... OK
  Applying auth.0008_alter_user_username_max_length... OK
  Applying auth.0009_alter_user_last_name_max_length... OK
  Applying auth.0010_alter_group_name_max_length... OK
  Applying auth.0011_update_proxy_permissions... OK
  Applying auth.0012_alter_user_first_name_max_length... OK
  Applying screening.0001_initial... OK
  Applying sessions.0001_initial... OK
2025-05-25 10:38:09 ... Applying migrations is DONE
2025-05-25 10:38:09 ... Loading Initial data
Installed 1 object(s) from 1 fixture(s)
2025-05-25 10:38:11 ... Loading Initial data is DONE
2025-05-25 10:38:11 ... Running the Server
Watching for file changes with StatReloader
Performing system checks...

System check identified no issues (0 silenced).
May 25, 2025 - 10:38:14
Django version 5.1.9, using settings 'app.settings'
Starting development server at http://0.0.0.0:8000/
Quit the server with CONTROL-C.

[25/May/2025 10:38:21] "POST /api/token/ HTTP/1.1" 200 483
[25/May/2025 10:38:24] "POST /api/candidates/ HTTP/1.1" 201 241
[25/May/2025 10:38:26] "GET /api/candidates/0611be34-7d00-464e-8d3b-91d97cc835fc HTTP/1.1" 301 0
[25/May/2025 10:38:26] "GET /api/candidates/0611be34-7d00-464e-8d3b-91d97cc835fc/ HTTP/1.1" 200 298
2025-05-25 10:40:07 ... Applying migrations
Operations to perform:
  Apply all migrations: admin, auth, contenttypes, screening, sessions
Running migrations:
  Applying contenttypes.0001_initial... OK
  Applying auth.0001_initial... OK
  Applying admin.0001_initial... OK
  Applying admin.0002_logentry_remove_auto_add... OK
  Applying admin.0003_logentry_add_action_flag_choices... OK
  Applying contenttypes.0002_remove_content_type_name... OK
  Applying auth.0002_alter_permission_name_max_length... OK
  Applying auth.0003_alter_user_email_max_length... OK
  Applying auth.0004_alter_user_username_opts... OK
  Applying auth.0005_alter_user_last_login_null... OK
  Applying auth.0006_require_contenttypes_0002... OK
  Applying auth.0007_alter_validators_add_error_messages... OK
  Applying auth.0008_alter_user_username_max_length... OK
  Applying auth.0009_alter_user_last_name_max_length... OK
  Applying auth.0010_alter_group_name_max_length... OK
  Applying auth.0011_update_proxy_permissions... OK
  Applying auth.0012_alter_user_first_name_max_length... OK
  Applying screening.0001_initial... OK
  Applying sessions.0001_initial... OK
2025-05-25 10:40:09 ... Applying migrations is DONE
2025-05-25 10:40:09 ... Loading Initial data
Installed 1 object(s) from 1 fixture(s)
2025-05-25 10:40:11 ... Loading Initial data is DONE
2025-05-25 10:40:11 ... Running the Server
Watching for file changes with StatReloader
Performing system checks...

System check identified no issues (0 silenced).
May 25, 2025 - 10:40:15
Django version 5.1.9, using settings 'app.settings'
Starting development server at http://0.0.0.0:8000/
Quit the server with CONTROL-C.

[25/May/2025 10:40:41] "POST /api/token/ HTTP/1.1" 200 483
[25/May/2025 10:40:44] "POST /api/candidates/ HTTP/1.1" 201 241
[25/May/2025 10:40:46] "GET /api/candidates/f84b037a-cb15-41f9-aac2-9f236e4d95da HTTP/1.1" 301 0
[25/May/2025 10:40:46] "GET /api/candidates/f84b037a-cb15-41f9-aac2-9f236e4d95da/ HTTP/1.1" 200 298
2025-05-25 10:44:50 ... Applying migrations
Operations to perform:
  Apply all migrations: admin, auth, contenttypes, screening, sessions
Running migrations:
  No migrations to apply.
2025-05-25 10:44:52 ... Applying migrations is DONE
2025-05-25 10:44:52 ... Loading Initial data
Installed 1 object(s) from 1 fixture(s)
2025-05-25 10:44:54 ... Loading Initial data is DONE
2025-05-25 10:44:54 ... Running the Server
Watching for file changes with StatReloader
Performing system checks...

System check identified no issues (0 silenced).
May 25, 2025 - 10:44:57
Django version 5.1.9, using settings 'app.settings'
Starting development server at http://0.0.0.0:8000/
Quit the server with CONTROL-C.

2025-05-25 10:46:18 ... Applying migrations
Operations to perform:
  Apply all migrations: admin, auth, contenttypes, screening, sessions
Running migrations:
  Applying contenttypes.0001_initial... OK
  Applying auth.0001_initial... OK
  Applying admin.0001_initial... OK
  Applying admin.0002_logentry_remove_auto_add... OK
  Applying admin.0003_logentry_add_action_flag_choices... OK
  Applying contenttypes.0002_remove_content_type_name... OK
  Applying auth.0002_alter_permission_name_max_length... OK
  Applying auth.0003_alter_user_email_max_length... OK
  Applying auth.0004_alter_user_username_opts... OK
  Applying auth.0005_alter_user_last_login_null... OK
  Applying auth.0006_require_contenttypes_0002... OK
  Applying auth.0007_alter_validators_add_error_messages... OK
  Applying auth.0008_alter_user_username_max_length... OK
  Applying auth.0009_alter_user_last_name_max_length... OK
  Applying auth.0010_alter_group_name_max_length... OK
  Applying auth.0011_update_proxy_permissions... OK
  Applying auth.0012_alter_user_first_name_max_length... OK
  Applying screening.0001_initial... OK
  Applying sessions.0001_initial... OK
2025-05-25 10:46:21 ... Applying migrations is DONE
2025-05-25 10:46:21 ... Loading Initial data
Installed 1 object(s) from 1 fixture(s)
2025-05-25 10:46:23 ... Loading Initial data is DONE
2025-05-25 10:46:23 ... Running the Server
Watching for file changes with StatReloader
Performing system checks...

System check identified no issues (0 silenced).
May 25, 2025 - 10:46:27
Django version 5.1.9, using settings 'app.settings'
Starting development server at http://0.0.0.0:8000/
Quit the server with CONTROL-C.

2025-05-25 10:48:13 ... Applying migrations
Operations to perform:
  Apply all migrations: admin, auth, contenttypes, screening, sessions
Running migrations:
  No migrations to apply.
2025-05-25 10:48:15 ... Applying migrations is DONE
2025-05-25 10:48:15 ... Loading Initial data
Installed 1 object(s) from 1 fixture(s)
2025-05-25 10:48:17 ... Loading Initial data is DONE
2025-05-25 10:48:17 ... Running the Server
Watching for file changes with StatReloader
Performing system checks...

System check identified no issues (0 silenced).
May 25, 2025 - 10:48:20
Django version 5.1.9, using settings 'app.settings'
Starting development server at http://0.0.0.0:8000/
Quit the server with CONTROL-C.

[25/May/2025 10:49:59] "POST /api/token/ HTTP/1.1" 200 483
[25/May/2025 10:50:09] "POST /api/candidates/ HTTP/1.1" 201 241
[25/May/2025 10:50:11] "GET /api/candidates/561563d7-d5dd-4044-96d2-f0ea253beb92 HTTP/1.1" 301 0
[25/May/2025 10:50:11] "GET /api/candidates/561563d7-d5dd-4044-96d2-f0ea253beb92/ HTTP/1.1" 200 298
[25/May/2025 10:50:25] "GET /api/candidates/561563d7-d5dd-4044-96d2-f0ea253beb92 HTTP/1.1" 301 0
[25/May/2025 10:50:25] "GET /api/candidates/561563d7-d5dd-4044-96d2-f0ea253beb92/ HTTP/1.1" 200 298
[25/May/2025 10:50:54] "POST /admin/screening/candidate/ HTTP/1.1" 302 0
[25/May/2025 10:50:54] "GET /admin/login/?next=/admin/screening/candidate/ HTTP/1.1" 200 4200
[25/May/2025 10:50:54] "GET /static/admin/css/base.css HTTP/1.1" 304 0
[25/May/2025 10:50:54] "GET /static/admin/css/dark_mode.css HTTP/1.1" 304 0
[25/May/2025 10:50:54] "GET /static/admin/css/login.css HTTP/1.1" 304 0
[25/May/2025 10:50:54] "GET /static/admin/css/responsive.css HTTP/1.1" 304 0
[25/May/2025 10:50:54] "GET /static/admin/css/nav_sidebar.css HTTP/1.1" 304 0
[25/May/2025 10:50:54] "GET /static/admin/js/theme.js HTTP/1.1" 304 0
[25/May/2025 10:50:54] "GET /static/admin/js/nav_sidebar.js HTTP/1.1" 304 0
[25/May/2025 10:50:55] "POST /admin/login/?next=/admin/screening/candidate/ HTTP/1.1" 302 0
[25/May/2025 10:50:55] "GET /admin/screening/candidate/ HTTP/1.1" 200 9858
[25/May/2025 10:50:55] "GET /static/admin/css/changelists.css HTTP/1.1" 304 0
[25/May/2025 10:50:55] "GET /static/admin/js/vendor/jquery/jquery.js HTTP/1.1" 304 0
[25/May/2025 10:50:55] "GET /static/admin/js/jquery.init.js HTTP/1.1" 304 0
[25/May/2025 10:50:55] "GET /static/admin/js/admin/RelatedObjectLookups.js HTTP/1.1" 304 0
[25/May/2025 10:50:55] "GET /static/admin/js/core.js HTTP/1.1" 304 0
[25/May/2025 10:50:55] "GET /static/admin/js/urlify.js HTTP/1.1" 304 0
[25/May/2025 10:50:55] "GET /static/admin/js/actions.js HTTP/1.1" 304 0
[25/May/2025 10:50:55] "GET /static/admin/js/prepopulate.js HTTP/1.1" 304 0
[25/May/2025 10:50:55] "GET /admin/jsi18n/ HTTP/1.1" 200 3342
[25/May/2025 10:50:55] "GET /static/admin/js/vendor/xregexp/xregexp.js HTTP/1.1" 304 0
[25/May/2025 10:50:55] "GET /static/admin/js/filters.js HTTP/1.1" 304 0
[25/May/2025 10:50:55] "GET /static/admin/img/icon-addlink.svg HTTP/1.1" 304 0
[25/May/2025 10:50:55] "GET /static/admin/img/tooltag-add.svg HTTP/1.1" 304 0
[25/May/2025 10:51:00] "POST /admin/screening/candidate/ HTTP/1.1" 200 8030
[25/May/2025 10:51:00] "GET /static/admin/js/cancel.js HTTP/1.1" 200 884
[25/May/2025 10:51:01] "POST /admin/screening/candidate/ HTTP/1.1" 302 0
[25/May/2025 10:51:01] "GET /admin/screening/candidate/ HTTP/1.1" 200 8015
[25/May/2025 10:51:01] "GET /admin/jsi18n/ HTTP/1.1" 200 3342
[25/May/2025 10:51:01] "GET /static/admin/img/icon-yes.svg HTTP/1.1" 200 436
[25/May/2025 10:51:13] "GET /admin/screening/candidate/ HTTP/1.1" 302 0
[25/May/2025 10:51:13] "GET /admin/login/?next=/admin/screening/candidate/ HTTP/1.1" 200 4200
[25/May/2025 10:51:13] "GET /static/admin/css/base.css HTTP/1.1" 200 22092
[25/May/2025 10:51:13] "GET /static/admin/css/dark_mode.css HTTP/1.1" 200 2804
[25/May/2025 10:51:13] "GET /static/admin/css/login.css HTTP/1.1" 200 951
[25/May/2025 10:51:13] "GET /static/admin/css/nav_sidebar.css HTTP/1.1" 200 2810
[25/May/2025 10:51:13] "GET /static/admin/js/theme.js HTTP/1.1" 200 1653
[25/May/2025 10:51:13] "GET /static/admin/css/responsive.css HTTP/1.1" 200 17972
[25/May/2025 10:51:13] "GET /static/admin/js/nav_sidebar.js HTTP/1.1" 200 3063
Not Found: /favicon.ico
[25/May/2025 10:51:14] "GET /favicon.ico HTTP/1.1" 404 2714
[25/May/2025 10:51:27] "POST /admin/login/?next=/admin/screening/candidate/ HTTP/1.1" 302 0
[25/May/2025 10:51:27] "GET /admin/screening/candidate/ HTTP/1.1" 200 7876
[25/May/2025 10:51:27] "GET /static/admin/css/changelists.css HTTP/1.1" 200 6878
[25/May/2025 10:51:27] "GET /static/admin/js/core.js HTTP/1.1" 200 6208
[25/May/2025 10:51:27] "GET /static/admin/js/actions.js HTTP/1.1" 200 8076
[25/May/2025 10:51:27] "GET /static/admin/js/jquery.init.js HTTP/1.1" 200 347
[25/May/2025 10:51:27] "GET /static/admin/js/admin/RelatedObjectLookups.js HTTP/1.1" 200 9097
[25/May/2025 10:51:27] "GET /static/admin/js/urlify.js HTTP/1.1" 200 7887
[25/May/2025 10:51:27] "GET /admin/jsi18n/ HTTP/1.1" 200 3342
[25/May/2025 10:51:27] "GET /static/admin/js/prepopulate.js HTTP/1.1" 200 1531
[25/May/2025 10:51:27] "GET /static/admin/js/vendor/xregexp/xregexp.js HTTP/1.1" 200 325171
[25/May/2025 10:51:27] "GET /static/admin/js/vendor/jquery/jquery.js HTTP/1.1" 200 285314
[25/May/2025 10:51:27] "GET /static/admin/js/filters.js HTTP/1.1" 200 978
[25/May/2025 10:51:27] "GET /static/admin/img/icon-addlink.svg HTTP/1.1" 200 331
[25/May/2025 10:51:27] "GET /static/admin/img/tooltag-add.svg HTTP/1.1" 200 331
[25/May/2025 10:51:30] "GET /admin/screening/candidate/ HTTP/1.1" 200 7876
[25/May/2025 10:51:30] "GET /admin/jsi18n/ HTTP/1.1" 200 3342
/app/screening/models.py changed, reloading.
Watching for file changes with StatReloader
Performing system checks...

System check identified no issues (0 silenced).
May 25, 2025 - 11:00:53
Django version 5.1.9, using settings 'app.settings'
Starting development server at http://0.0.0.0:8000/
Quit the server with CONTROL-C.

[25/May/2025 11:01:02] "GET /admin/screening/candidate/ HTTP/1.1" 200 7876
[25/May/2025 11:01:02] "GET /static/admin/css/base.css HTTP/1.1" 304 0
[25/May/2025 11:01:02] "GET /static/admin/css/dark_mode.css HTTP/1.1" 304 0
[25/May/2025 11:01:02] "GET /static/admin/css/nav_sidebar.css HTTP/1.1" 304 0
[25/May/2025 11:01:02] "GET /static/admin/js/theme.js HTTP/1.1" 304 0
[25/May/2025 11:01:02] "GET /static/admin/js/vendor/jquery/jquery.js HTTP/1.1" 304 0
[25/May/2025 11:01:02] "GET /static/admin/css/responsive.css HTTP/1.1" 304 0
[25/May/2025 11:01:02] "GET /static/admin/css/changelists.css HTTP/1.1" 304 0
[25/May/2025 11:01:02] "GET /static/admin/js/jquery.init.js HTTP/1.1" 304 0
[25/May/2025 11:01:02] "GET /static/admin/js/core.js HTTP/1.1" 304 0
[25/May/2025 11:01:02] "GET /static/admin/js/admin/RelatedObjectLookups.js HTTP/1.1" 304 0
[25/May/2025 11:01:02] "GET /admin/jsi18n/ HTTP/1.1" 200 3342
[25/May/2025 11:01:02] "GET /static/admin/js/actions.js HTTP/1.1" 304 0
[25/May/2025 11:01:02] "GET /static/admin/js/urlify.js HTTP/1.1" 304 0
[25/May/2025 11:01:02] "GET /static/admin/js/vendor/xregexp/xregexp.js HTTP/1.1" 304 0
[25/May/2025 11:01:02] "GET /static/admin/js/prepopulate.js HTTP/1.1" 304 0
[25/May/2025 11:01:02] "GET /static/admin/js/filters.js HTTP/1.1" 304 0
[25/May/2025 11:01:02] "GET /static/admin/img/icon-addlink.svg HTTP/1.1" 304 0
[25/May/2025 11:01:02] "GET /static/admin/img/tooltag-add.svg HTTP/1.1" 304 0
[25/May/2025 11:01:02] "GET /static/admin/js/nav_sidebar.js HTTP/1.1" 304 0
Unauthorized: /api/candidates/
[25/May/2025 11:01:06] "POST /api/candidates/ HTTP/1.1" 401 172
[25/May/2025 11:01:09] "POST /api/token/ HTTP/1.1" 200 483
[25/May/2025 11:01:11] "POST /api/candidates/ HTTP/1.1" 201 241
[25/May/2025 11:01:21] "GET /api/candidates/6c8e0520-3eff-47b0-bc97-1fe06bda7d4e HTTP/1.1" 301 0
[25/May/2025 11:01:21] "GET /api/candidates/6c8e0520-3eff-47b0-bc97-1fe06bda7d4e/ HTTP/1.1" 200 298
2025-05-25 11:06:29 ... Applying migrations
Operations to perform:
  Apply all migrations: admin, auth, contenttypes, screening, sessions
Running migrations:
  No migrations to apply.
2025-05-25 11:06:32 ... Applying migrations is DONE
2025-05-25 11:06:32 ... Loading Initial data
Installed 1 object(s) from 1 fixture(s)
2025-05-25 11:06:34 ... Loading Initial data is DONE
2025-05-25 11:06:34 ... Running the Server
Watching for file changes with StatReloader
Performing system checks...

System check identified no issues (0 silenced).
May 25, 2025 - 11:06:39
Django version 5.1.9, using settings 'app.settings'
Starting development server at http://0.0.0.0:8000/
Quit the server with CONTROL-C.

2025-05-25 11:08:48 ... Applying migrations
Operations to perform:
  Apply all migrations: admin, auth, contenttypes, screening, sessions
Running migrations:
  No migrations to apply.
2025-05-25 11:08:51 ... Applying migrations is DONE
2025-05-25 11:08:51 ... Loading Initial data
Installed 1 object(s) from 1 fixture(s)
2025-05-25 11:08:53 ... Loading Initial data is DONE
2025-05-25 11:08:53 ... Running the Server
Watching for file changes with StatReloader
Performing system checks...

System check identified no issues (0 silenced).
May 25, 2025 - 11:08:58
Django version 5.1.9, using settings 'app.settings'
Starting development server at http://0.0.0.0:8000/
Quit the server with CONTROL-C.

[25/May/2025 11:09:02] "POST /api/token/ HTTP/1.1" 200 483
Bad Request: /api/candidates/
[25/May/2025 11:09:04] "POST /api/candidates/ HTTP/1.1" 400 55
[25/May/2025 11:09:25] "GET /admin/screening/candidate/ HTTP/1.1" 302 0
[25/May/2025 11:09:25] "GET /admin/login/?next=/admin/screening/candidate/ HTTP/1.1" 200 4200
[25/May/2025 11:09:25] "GET /static/admin/css/base.css HTTP/1.1" 304 0
[25/May/2025 11:09:25] "GET /static/admin/css/dark_mode.css HTTP/1.1" 304 0
[25/May/2025 11:09:25] "GET /static/admin/css/nav_sidebar.css HTTP/1.1" 304 0
[25/May/2025 11:09:25] "GET /static/admin/css/login.css HTTP/1.1" 304 0
[25/May/2025 11:09:25] "GET /static/admin/js/theme.js HTTP/1.1" 304 0
[25/May/2025 11:09:25] "GET /static/admin/css/responsive.css HTTP/1.1" 304 0
[25/May/2025 11:09:25] "GET /static/admin/js/nav_sidebar.js HTTP/1.1" 304 0
[25/May/2025 11:09:28] "POST /admin/login/?next=/admin/screening/candidate/ HTTP/1.1" 302 0
[25/May/2025 11:09:28] "GET /admin/screening/candidate/ HTTP/1.1" 200 9858
[25/May/2025 11:09:28] "GET /static/admin/css/changelists.css HTTP/1.1" 304 0
[25/May/2025 11:09:28] "GET /static/admin/js/vendor/jquery/jquery.js HTTP/1.1" 304 0
[25/May/2025 11:09:28] "GET /static/admin/js/jquery.init.js HTTP/1.1" 304 0
[25/May/2025 11:09:28] "GET /static/admin/js/core.js HTTP/1.1" 304 0
[25/May/2025 11:09:28] "GET /static/admin/js/admin/RelatedObjectLookups.js HTTP/1.1" 304 0
[25/May/2025 11:09:28] "GET /static/admin/js/actions.js HTTP/1.1" 304 0
[25/May/2025 11:09:28] "GET /admin/jsi18n/ HTTP/1.1" 200 3342
[25/May/2025 11:09:28] "GET /static/admin/js/urlify.js HTTP/1.1" 304 0
[25/May/2025 11:09:28] "GET /static/admin/js/prepopulate.js HTTP/1.1" 304 0
[25/May/2025 11:09:28] "GET /static/admin/js/vendor/xregexp/xregexp.js HTTP/1.1" 304 0
[25/May/2025 11:09:28] "GET /static/admin/js/filters.js HTTP/1.1" 304 0
[25/May/2025 11:09:28] "GET /static/admin/img/tooltag-add.svg HTTP/1.1" 304 0
[25/May/2025 11:09:28] "GET /static/admin/img/icon-addlink.svg HTTP/1.1" 304 0
[25/May/2025 11:09:29] "GET /admin/screening/candidate/6c8e0520-3eff-47b0-bc97-1fe06bda7d4e/change/ HTTP/1.1" 200 11356
[25/May/2025 11:09:29] "GET /static/admin/css/forms.css HTTP/1.1" 200 8794
[25/May/2025 11:09:29] "GET /static/admin/js/prepopulate_init.js HTTP/1.1" 200 586
[25/May/2025 11:09:29] "GET /admin/jsi18n/ HTTP/1.1" 200 3342
[25/May/2025 11:09:29] "GET /static/admin/css/widgets.css HTTP/1.1" 200 11564
[25/May/2025 11:09:29] "GET /static/admin/js/change_form.js HTTP/1.1" 200 606
[25/May/2025 11:09:30] "GET /admin/screening/candidate/6c8e0520-3eff-47b0-bc97-1fe06bda7d4e/delete/ HTTP/1.1" 200 7970
[25/May/2025 11:09:30] "GET /static/admin/js/cancel.js HTTP/1.1" 200 884
[25/May/2025 11:09:31] "POST /admin/screening/candidate/6c8e0520-3eff-47b0-bc97-1fe06bda7d4e/delete/ HTTP/1.1" 302 0
[25/May/2025 11:09:31] "GET /admin/screening/candidate/ HTTP/1.1" 200 8058
[25/May/2025 11:09:31] "GET /admin/jsi18n/ HTTP/1.1" 200 3342
[25/May/2025 11:09:31] "GET /static/admin/img/icon-yes.svg HTTP/1.1" 200 436
[25/May/2025 11:09:35] "POST /api/candidates/ HTTP/1.1" 201 241
[25/May/2025 11:09:37] "GET /api/candidates/9ef957f6-371a-4c9f-bb75-d7c31e5970b7 HTTP/1.1" 301 0
[25/May/2025 11:09:37] "GET /api/candidates/9ef957f6-371a-4c9f-bb75-d7c31e5970b7/ HTTP/1.1" 200 241
[25/May/2025 11:09:40] "GET /api/candidates/9ef957f6-371a-4c9f-bb75-d7c31e5970b7 HTTP/1.1" 301 0
[25/May/2025 11:09:40] "GET /api/candidates/9ef957f6-371a-4c9f-bb75-d7c31e5970b7/ HTTP/1.1" 200 241
/app/screening/tasks.py changed, reloading.
2025-05-25 11:11:42 ... Applying migrations
Operations to perform:
  Apply all migrations: admin, auth, contenttypes, screening, sessions
Running migrations:
  No migrations to apply.
2025-05-25 11:11:45 ... Applying migrations is DONE
2025-05-25 11:11:45 ... Loading Initial data
Installed 1 object(s) from 1 fixture(s)
2025-05-25 11:11:48 ... Loading Initial data is DONE
2025-05-25 11:11:48 ... Running the Server
Watching for file changes with StatReloader
Performing system checks...

System check identified no issues (0 silenced).
May 25, 2025 - 11:11:52
Django version 5.1.9, using settings 'app.settings'
Starting development server at http://0.0.0.0:8000/
Quit the server with CONTROL-C.

[25/May/2025 11:11:53] "GET /admin/screening/candidate/ HTTP/1.1" 302 0
[25/May/2025 11:11:53] "GET /admin/login/?next=/admin/screening/candidate/ HTTP/1.1" 200 4200
[25/May/2025 11:11:58] "POST /admin/login/?next=/admin/screening/candidate/ HTTP/1.1" 302 0
[25/May/2025 11:11:58] "GET /admin/screening/candidate/ HTTP/1.1" 200 9858
[25/May/2025 11:11:59] "GET /admin/jsi18n/ HTTP/1.1" 200 3342
[25/May/2025 11:12:03] "POST /admin/screening/candidate/ HTTP/1.1" 200 8030
[25/May/2025 11:12:04] "POST /admin/screening/candidate/ HTTP/1.1" 302 0
[25/May/2025 11:12:04] "GET /admin/screening/candidate/ HTTP/1.1" 200 8015
[25/May/2025 11:12:04] "GET /admin/jsi18n/ HTTP/1.1" 200 3342
[25/May/2025 11:12:07] "POST /api/token/ HTTP/1.1" 200 483
[25/May/2025 11:12:09] "GET /api/candidates/9ef957f6-371a-4c9f-bb75-d7c31e5970b7 HTTP/1.1" 301 0
Not Found: /api/candidates/9ef957f6-371a-4c9f-bb75-d7c31e5970b7/
[25/May/2025 11:12:09] "GET /api/candidates/9ef957f6-371a-4c9f-bb75-d7c31e5970b7/ HTTP/1.1" 404 50
[25/May/2025 11:12:11] "POST /api/candidates/ HTTP/1.1" 201 241
[25/May/2025 11:12:13] "GET /api/candidates/3fd8169f-ce0e-4a8d-ba29-3da381f084f0 HTTP/1.1" 301 0
[25/May/2025 11:12:13] "GET /api/candidates/3fd8169f-ce0e-4a8d-ba29-3da381f084f0/ HTTP/1.1" 200 327
/app/screening/models.py changed, reloading.
Watching for file changes with StatReloader
Performing system checks...

System check identified no issues (0 silenced).
May 25, 2025 - 11:15:09
Django version 5.1.9, using settings 'app.settings'
Starting development server at http://0.0.0.0:8000/
Quit the server with CONTROL-C.

2025-05-25 11:16:01 ... Applying migrations
Operations to perform:
  Apply all migrations: admin, auth, contenttypes, screening, sessions
Running migrations:
  Applying contenttypes.0001_initial... OK
  Applying auth.0001_initial... OK
  Applying admin.0001_initial... OK
  Applying admin.0002_logentry_remove_auto_add... OK
  Applying admin.0003_logentry_add_action_flag_choices... OK
  Applying contenttypes.0002_remove_content_type_name... OK
  Applying auth.0002_alter_permission_name_max_length... OK
  Applying auth.0003_alter_user_email_max_length... OK
  Applying auth.0004_alter_user_username_opts... OK
  Applying auth.0005_alter_user_last_login_null... OK
  Applying auth.0006_require_contenttypes_0002... OK
  Applying auth.0007_alter_validators_add_error_messages... OK
  Applying auth.0008_alter_user_username_max_length... OK
  Applying auth.0009_alter_user_last_name_max_length... OK
  Applying auth.0010_alter_group_name_max_length... OK
  Applying auth.0011_update_proxy_permissions... OK
  Applying auth.0012_alter_user_first_name_max_length... OK
  Applying screening.0001_initial... OK
  Applying sessions.0001_initial... OK
2025-05-25 11:16:04 ... Applying migrations is DONE
2025-05-25 11:16:04 ... Loading Initial data
Installed 1 object(s) from 1 fixture(s)
2025-05-25 11:16:07 ... Loading Initial data is DONE
2025-05-25 11:16:07 ... Running the Server
Watching for file changes with StatReloader
Performing system checks...

System check identified no issues (0 silenced).
May 25, 2025 - 11:16:12
Django version 5.1.9, using settings 'app.settings'
Starting development server at http://0.0.0.0:8000/
Quit the server with CONTROL-C.

[25/May/2025 11:16:25] "POST /api/token/ HTTP/1.1" 200 483
[25/May/2025 11:16:27] "POST /api/candidates/ HTTP/1.1" 201 241
[25/May/2025 11:16:29] "GET /api/candidates/573b4f66-f853-4907-8abb-7c9f2c572197 HTTP/1.1" 301 0
[25/May/2025 11:16:29] "GET /api/candidates/573b4f66-f853-4907-8abb-7c9f2c572197/ HTTP/1.1" 200 323
2025-05-25 11:20:02 ... Applying migrations
Operations to perform:
  Apply all migrations: admin, auth, contenttypes, screening, sessions
Running migrations:
  No migrations to apply.
2025-05-25 11:20:05 ... Applying migrations is DONE
2025-05-25 11:20:05 ... Loading Initial data
Installed 1 object(s) from 1 fixture(s)
2025-05-25 11:20:08 ... Loading Initial data is DONE
2025-05-25 11:20:08 ... Running the Server
Watching for file changes with StatReloader
Performing system checks...

System check identified no issues (0 silenced).
May 25, 2025 - 11:20:13
Django version 5.1.9, using settings 'app.settings'
Starting development server at http://0.0.0.0:8000/
Quit the server with CONTROL-C.

[25/May/2025 11:20:20] "GET /admin/screening/candidate/ HTTP/1.1" 302 0
[25/May/2025 11:20:20] "GET /admin/login/?next=/admin/screening/candidate/ HTTP/1.1" 200 4200
[25/May/2025 11:20:20] "GET /static/admin/css/base.css HTTP/1.1" 304 0
[25/May/2025 11:20:20] "GET /static/admin/css/dark_mode.css HTTP/1.1" 304 0
[25/May/2025 11:20:20] "GET /static/admin/css/nav_sidebar.css HTTP/1.1" 304 0
[25/May/2025 11:20:20] "GET /static/admin/css/responsive.css HTTP/1.1" 304 0
[25/May/2025 11:20:20] "GET /static/admin/css/login.css HTTP/1.1" 304 0
[25/May/2025 11:20:20] "GET /static/admin/js/theme.js HTTP/1.1" 304 0
[25/May/2025 11:20:20] "GET /static/admin/js/nav_sidebar.js HTTP/1.1" 304 0
[25/May/2025 11:20:23] "POST /admin/login/?next=/admin/screening/candidate/ HTTP/1.1" 302 0
[25/May/2025 11:20:23] "GET /admin/screening/candidate/ HTTP/1.1" 200 9858
[25/May/2025 11:20:24] "GET /static/admin/css/changelists.css HTTP/1.1" 304 0
[25/May/2025 11:20:24] "GET /static/admin/js/jquery.init.js HTTP/1.1" 304 0
[25/May/2025 11:20:24] "GET /static/admin/js/admin/RelatedObjectLookups.js HTTP/1.1" 304 0
[25/May/2025 11:20:24] "GET /static/admin/js/actions.js HTTP/1.1" 304 0
[25/May/2025 11:20:24] "GET /static/admin/js/vendor/jquery/jquery.js HTTP/1.1" 304 0
[25/May/2025 11:20:24] "GET /static/admin/js/core.js HTTP/1.1" 304 0
[25/May/2025 11:20:24] "GET /static/admin/js/urlify.js HTTP/1.1" 304 0
[25/May/2025 11:20:24] "GET /static/admin/js/prepopulate.js HTTP/1.1" 304 0
[25/May/2025 11:20:24] "GET /static/admin/js/vendor/xregexp/xregexp.js HTTP/1.1" 304 0
[25/May/2025 11:20:24] "GET /admin/jsi18n/ HTTP/1.1" 200 3342
[25/May/2025 11:20:24] "GET /static/admin/js/filters.js HTTP/1.1" 304 0
[25/May/2025 11:20:24] "GET /static/admin/img/tooltag-add.svg HTTP/1.1" 304 0
[25/May/2025 11:20:24] "GET /static/admin/img/icon-addlink.svg HTTP/1.1" 304 0
[25/May/2025 11:20:26] "POST /admin/screening/candidate/ HTTP/1.1" 200 8030
[25/May/2025 11:20:26] "GET /static/admin/js/cancel.js HTTP/1.1" 304 0
[25/May/2025 11:20:27] "POST /admin/screening/candidate/ HTTP/1.1" 302 0
[25/May/2025 11:20:27] "GET /admin/screening/candidate/ HTTP/1.1" 200 8015
[25/May/2025 11:20:27] "GET /admin/jsi18n/ HTTP/1.1" 200 3342
[25/May/2025 11:20:27] "GET /static/admin/img/icon-yes.svg HTTP/1.1" 304 0
[25/May/2025 11:20:38] "POST /api/token/ HTTP/1.1" 200 483
[25/May/2025 11:20:41] "POST /api/candidates/ HTTP/1.1" 201 241
[25/May/2025 11:20:43] "GET /api/candidates/5d0486b0-74fe-4b4d-8f6d-47bb0ff85225 HTTP/1.1" 301 0
[25/May/2025 11:20:43] "GET /api/candidates/5d0486b0-74fe-4b4d-8f6d-47bb0ff85225/ HTTP/1.1" 200 323
2025-05-25 11:29:11 ... Applying migrations
Operations to perform:
  Apply all migrations: admin, auth, contenttypes, screening, sessions
Running migrations:
  Applying contenttypes.0001_initial... OK
  Applying auth.0001_initial... OK
  Applying admin.0001_initial... OK
  Applying admin.0002_logentry_remove_auto_add... OK
  Applying admin.0003_logentry_add_action_flag_choices... OK
  Applying contenttypes.0002_remove_content_type_name... OK
  Applying auth.0002_alter_permission_name_max_length... OK
  Applying auth.0003_alter_user_email_max_length... OK
  Applying auth.0004_alter_user_username_opts... OK
  Applying auth.0005_alter_user_last_login_null... OK
  Applying auth.0006_require_contenttypes_0002... OK
  Applying auth.0007_alter_validators_add_error_messages... OK
  Applying auth.0008_alter_user_username_max_length... OK
  Applying auth.0009_alter_user_last_name_max_length... OK
  Applying auth.0010_alter_group_name_max_length... OK
  Applying auth.0011_update_proxy_permissions... OK
  Applying auth.0012_alter_user_first_name_max_length... OK
  Applying screening.0001_initial... OK
  Applying sessions.0001_initial... OK
2025-05-25 11:29:15 ... Applying migrations is DONE
2025-05-25 11:29:15 ... Loading Initial data
Installed 1 object(s) from 1 fixture(s)
2025-05-25 11:29:18 ... Loading Initial data is DONE
2025-05-25 11:29:18 ... Running the Server
Watching for file changes with StatReloader
Performing system checks...

System check identified no issues (0 silenced).
May 25, 2025 - 11:29:22
Django version 5.1.9, using settings 'app.settings'
Starting development server at http://0.0.0.0:8000/
Quit the server with CONTROL-C.

[25/May/2025 11:29:24] "POST /api/token/ HTTP/1.1" 200 483
[25/May/2025 11:29:27] "POST /api/candidates/ HTTP/1.1" 201 241
[25/May/2025 11:29:29] "GET /api/candidates/00811107-4049-416b-a128-04684e4215f8 HTTP/1.1" 301 0
[25/May/2025 11:29:29] "GET /api/candidates/00811107-4049-416b-a128-04684e4215f8/ HTTP/1.1" 200 323
/app/screening/tasks.py changed, reloading.
Watching for file changes with StatReloader
Performing system checks...

System check identified no issues (0 silenced).
May 25, 2025 - 11:44:06
Django version 5.1.9, using settings 'app.settings'
Starting development server at http://0.0.0.0:8000/
Quit the server with CONTROL-C.

2025-05-25 11:45:29 ... Applying migrations
Operations to perform:
  Apply all migrations: admin, auth, contenttypes, screening, sessions
Running migrations:
  Applying contenttypes.0001_initial... OK
  Applying auth.0001_initial... OK
  Applying admin.0001_initial... OK
  Applying admin.0002_logentry_remove_auto_add... OK
  Applying admin.0003_logentry_add_action_flag_choices... OK
  Applying contenttypes.0002_remove_content_type_name... OK
  Applying auth.0002_alter_permission_name_max_length... OK
  Applying auth.0003_alter_user_email_max_length... OK
  Applying auth.0004_alter_user_username_opts... OK
  Applying auth.0005_alter_user_last_login_null... OK
  Applying auth.0006_require_contenttypes_0002... OK
  Applying auth.0007_alter_validators_add_error_messages... OK
  Applying auth.0008_alter_user_username_max_length... OK
  Applying auth.0009_alter_user_last_name_max_length... OK
  Applying auth.0010_alter_group_name_max_length... OK
  Applying auth.0011_update_proxy_permissions... OK
  Applying auth.0012_alter_user_first_name_max_length... OK
  Applying screening.0001_initial... OK
  Applying sessions.0001_initial... OK
2025-05-25 11:45:33 ... Applying migrations is DONE
2025-05-25 11:45:33 ... Loading Initial data
Installed 1 object(s) from 1 fixture(s)
2025-05-25 11:45:35 ... Loading Initial data is DONE
2025-05-25 11:45:35 ... Running the Server
Watching for file changes with StatReloader
Performing system checks...

System check identified no issues (0 silenced).
May 25, 2025 - 11:45:41
Django version 5.1.9, using settings 'app.settings'
Starting development server at http://0.0.0.0:8000/
Quit the server with CONTROL-C.

[25/May/2025 11:45:50] "POST /api/token/ HTTP/1.1" 200 483
[25/May/2025 11:45:53] "POST /api/candidates/ HTTP/1.1" 201 241
[25/May/2025 11:45:55] "GET /api/candidates/5a46eb52-c3c3-4111-a889-1235260c2ae0 HTTP/1.1" 301 0
[25/May/2025 11:45:55] "GET /api/candidates/5a46eb52-c3c3-4111-a889-1235260c2ae0/ HTTP/1.1" 200 323
[25/May/2025 11:46:09] "POST /api/candidates/ HTTP/1.1" 201 240
[25/May/2025 11:46:13] "GET /api/candidates/f4869f61-bde7-48ca-a610-7583b9419f6f HTTP/1.1" 301 0
[25/May/2025 11:46:13] "GET /api/candidates/f4869f61-bde7-48ca-a610-7583b9419f6f/ HTTP/1.1" 200 322
[25/May/2025 11:46:29] "GET /admin/screening/candidate/ HTTP/1.1" 302 0
[25/May/2025 11:46:30] "GET /admin/login/?next=/admin/screening/candidate/ HTTP/1.1" 200 4200
[25/May/2025 11:46:30] "GET /static/admin/css/base.css HTTP/1.1" 304 0
[25/May/2025 11:46:30] "GET /static/admin/css/dark_mode.css HTTP/1.1" 304 0
[25/May/2025 11:46:30] "GET /static/admin/css/nav_sidebar.css HTTP/1.1" 304 0
[25/May/2025 11:46:30] "GET /static/admin/css/login.css HTTP/1.1" 304 0
[25/May/2025 11:46:30] "GET /static/admin/css/responsive.css HTTP/1.1" 304 0
[25/May/2025 11:46:30] "GET /static/admin/js/theme.js HTTP/1.1" 304 0
[25/May/2025 11:46:30] "GET /static/admin/js/nav_sidebar.js HTTP/1.1" 304 0
[25/May/2025 11:46:33] "POST /admin/login/?next=/admin/screening/candidate/ HTTP/1.1" 302 0
[25/May/2025 11:46:33] "GET /admin/screening/candidate/ HTTP/1.1" 200 10392
[25/May/2025 11:46:33] "GET /static/admin/css/changelists.css HTTP/1.1" 304 0
[25/May/2025 11:46:33] "GET /static/admin/js/core.js HTTP/1.1" 304 0
[25/May/2025 11:46:33] "GET /static/admin/js/vendor/jquery/jquery.js HTTP/1.1" 304 0
[25/May/2025 11:46:33] "GET /static/admin/js/jquery.init.js HTTP/1.1" 304 0
[25/May/2025 11:46:33] "GET /static/admin/js/admin/RelatedObjectLookups.js HTTP/1.1" 304 0
[25/May/2025 11:46:33] "GET /static/admin/js/urlify.js HTTP/1.1" 304 0
[25/May/2025 11:46:33] "GET /static/admin/js/actions.js HTTP/1.1" 304 0
[25/May/2025 11:46:33] "GET /static/admin/js/vendor/xregexp/xregexp.js HTTP/1.1" 304 0
[25/May/2025 11:46:33] "GET /static/admin/js/prepopulate.js HTTP/1.1" 304 0
[25/May/2025 11:46:33] "GET /admin/jsi18n/ HTTP/1.1" 200 3342
[25/May/2025 11:46:33] "GET /static/admin/js/filters.js HTTP/1.1" 304 0
[25/May/2025 11:46:33] "GET /static/admin/img/tooltag-add.svg HTTP/1.1" 304 0
[25/May/2025 11:46:33] "GET /static/admin/img/icon-addlink.svg HTTP/1.1" 304 0
[25/May/2025 11:46:34] "GET /admin/screening/candidate/ HTTP/1.1" 200 10392
[25/May/2025 11:46:35] "GET /admin/jsi18n/ HTTP/1.1" 200 3342
/app/screening/models.py changed, reloading.
Watching for file changes with StatReloader
Performing system checks...

System check identified no issues (0 silenced).
May 25, 2025 - 11:47:31
Django version 5.1.9, using settings 'app.settings'
Starting development server at http://0.0.0.0:8000/
Quit the server with CONTROL-C.

2025-05-25 11:47:45 ... Applying migrations
Operations to perform:
  Apply all migrations: admin, auth, contenttypes, screening, sessions
Running migrations:
  No migrations to apply.
2025-05-25 11:47:48 ... Applying migrations is DONE
2025-05-25 11:47:48 ... Loading Initial data
Installed 1 object(s) from 1 fixture(s)
2025-05-25 11:47:51 ... Loading Initial data is DONE
2025-05-25 11:47:51 ... Running the Server
Watching for file changes with StatReloader
Performing system checks...

System check identified no issues (0 silenced).
May 25, 2025 - 11:47:55
Django version 5.1.9, using settings 'app.settings'
Starting development server at http://0.0.0.0:8000/
Quit the server with CONTROL-C.

[25/May/2025 11:48:09] "POST /api/token/ HTTP/1.1" 200 483
Bad Request: /api/candidates/
[25/May/2025 11:48:12] "POST /api/candidates/ HTTP/1.1" 400 55
[25/May/2025 11:48:26] "POST /api/candidates/ HTTP/1.1" 201 241
/app/screening/models.py changed, reloading.
Watching for file changes with StatReloader
Performing system checks...

System check identified no issues (0 silenced).
May 25, 2025 - 11:49:33
Django version 5.1.9, using settings 'app.settings'
Starting development server at http://0.0.0.0:8000/
Quit the server with CONTROL-C.

2025-05-25 11:51:04 ... Applying migrations
Operations to perform:
  Apply all migrations: admin, auth, contenttypes, screening, sessions
Running migrations:
  No migrations to apply.
2025-05-25 11:51:07 ... Applying migrations is DONE
2025-05-25 11:51:07 ... Loading Initial data
Installed 1 object(s) from 1 fixture(s)
2025-05-25 11:51:10 ... Loading Initial data is DONE
2025-05-25 11:51:10 ... Running the Server
Watching for file changes with StatReloader
Performing system checks...

System check identified no issues (0 silenced).
May 25, 2025 - 11:51:15
Django version 5.1.9, using settings 'app.settings'
Starting development server at http://0.0.0.0:8000/
Quit the server with CONTROL-C.

[25/May/2025 11:51:51] "POST /api/token/ HTTP/1.1" 200 483
Bad Request: /api/candidates/
[25/May/2025 11:52:00] "POST /api/candidates/ HTTP/1.1" 400 55
[25/May/2025 11:52:04] "GET /admin/screening/candidate/ HTTP/1.1" 302 0
[25/May/2025 11:52:04] "GET /admin/login/?next=/admin/screening/candidate/ HTTP/1.1" 200 4200
[25/May/2025 11:52:08] "POST /admin/login/?next=/admin/screening/candidate/ HTTP/1.1" 302 0
[25/May/2025 11:52:08] "GET /admin/screening/candidate/ HTTP/1.1" 200 10926
[25/May/2025 11:52:08] "GET /admin/jsi18n/ HTTP/1.1" 200 3342
[25/May/2025 11:52:11] "POST /admin/screening/candidate/ HTTP/1.1" 200 8507
[25/May/2025 11:52:11] "GET /static/admin/js/cancel.js HTTP/1.1" 304 0
[25/May/2025 11:52:12] "POST /admin/screening/candidate/ HTTP/1.1" 302 0
[25/May/2025 11:52:12] "GET /admin/screening/candidate/ HTTP/1.1" 200 8016
[25/May/2025 11:52:12] "GET /admin/jsi18n/ HTTP/1.1" 200 3342
[25/May/2025 11:52:12] "GET /static/admin/img/icon-yes.svg HTTP/1.1" 304 0
[25/May/2025 11:52:16] "POST /api/candidates/ HTTP/1.1" 201 240
Internal Server Error: /api/candidates/
Traceback (most recent call last):
  File "/usr/local/lib/python3.12/site-packages/django/db/backends/utils.py", line 105, in _execute
    return self.cursor.execute(sql, params)
           ^^^^^^^^^^^^^^^^^^^^^^^^^^^^^^^^
psycopg2.errors.UniqueViolation: duplicate key value violates unique constraint "screening_candidate_email_key"
DETAIL:  Key (email)=(sandrocarcangiu@gmail.com) already exists.


The above exception was the direct cause of the following exception:

Traceback (most recent call last):
  File "/usr/local/lib/python3.12/site-packages/django/core/handlers/exception.py", line 55, in inner
    response = get_response(request)
               ^^^^^^^^^^^^^^^^^^^^^
  File "/usr/local/lib/python3.12/site-packages/django/core/handlers/base.py", line 197, in _get_response
    response = wrapped_callback(request, *callback_args, **callback_kwargs)
               ^^^^^^^^^^^^^^^^^^^^^^^^^^^^^^^^^^^^^^^^^^^^^^^^^^^^^^^^^^^^
  File "/usr/local/lib/python3.12/site-packages/django/views/decorators/csrf.py", line 65, in _view_wrapper
    return view_func(request, *args, **kwargs)
           ^^^^^^^^^^^^^^^^^^^^^^^^^^^^^^^^^^^
  File "/usr/local/lib/python3.12/site-packages/django/views/generic/base.py", line 104, in view
    return self.dispatch(request, *args, **kwargs)
           ^^^^^^^^^^^^^^^^^^^^^^^^^^^^^^^^^^^^^^^
  File "/usr/local/lib/python3.12/site-packages/rest_framework/views.py", line 515, in dispatch
    response = self.handle_exception(exc)
               ^^^^^^^^^^^^^^^^^^^^^^^^^^
  File "/usr/local/lib/python3.12/site-packages/rest_framework/views.py", line 475, in handle_exception
    self.raise_uncaught_exception(exc)
  File "/usr/local/lib/python3.12/site-packages/rest_framework/views.py", line 486, in raise_uncaught_exception
    raise exc
  File "/usr/local/lib/python3.12/site-packages/rest_framework/views.py", line 512, in dispatch
    response = handler(request, *args, **kwargs)
               ^^^^^^^^^^^^^^^^^^^^^^^^^^^^^^^^^
  File "/usr/local/lib/python3.12/site-packages/rest_framework/generics.py", line 194, in post
    return self.create(request, *args, **kwargs)
           ^^^^^^^^^^^^^^^^^^^^^^^^^^^^^^^^^^^^^
  File "/usr/local/lib/python3.12/site-packages/rest_framework/mixins.py", line 19, in create
    self.perform_create(serializer)
  File "/app/screening/views.py", line 14, in perform_create
    candidate = serializer.save()
                ^^^^^^^^^^^^^^^^^
  File "/usr/local/lib/python3.12/site-packages/rest_framework/serializers.py", line 210, in save
    self.instance = self.create(validated_data)
                    ^^^^^^^^^^^^^^^^^^^^^^^^^^^
  File "/usr/local/lib/python3.12/site-packages/rest_framework/serializers.py", line 991, in create
    instance = ModelClass._default_manager.create(**validated_data)
               ^^^^^^^^^^^^^^^^^^^^^^^^^^^^^^^^^^^^^^^^^^^^^^^^^^^^
  File "/usr/local/lib/python3.12/site-packages/django/db/models/manager.py", line 87, in manager_method
    return getattr(self.get_queryset(), name)(*args, **kwargs)
           ^^^^^^^^^^^^^^^^^^^^^^^^^^^^^^^^^^^^^^^^^^^^^^^^^^^
  File "/usr/local/lib/python3.12/site-packages/django/db/models/query.py", line 679, in create
    obj.save(force_insert=True, using=self.db)
  File "/app/screening/models.py", line 32, in save
    super().save(*args, **kwargs)
  File "/usr/local/lib/python3.12/site-packages/django/db/models/base.py", line 892, in save
    self.save_base(
  File "/usr/local/lib/python3.12/site-packages/django/db/models/base.py", line 998, in save_base
    updated = self._save_table(
              ^^^^^^^^^^^^^^^^^
  File "/usr/local/lib/python3.12/site-packages/django/db/models/base.py", line 1161, in _save_table
    results = self._do_insert(
              ^^^^^^^^^^^^^^^^
  File "/usr/local/lib/python3.12/site-packages/django/db/models/base.py", line 1202, in _do_insert
    return manager._insert(
           ^^^^^^^^^^^^^^^^
  File "/usr/local/lib/python3.12/site-packages/django/db/models/manager.py", line 87, in manager_method
    return getattr(self.get_queryset(), name)(*args, **kwargs)
           ^^^^^^^^^^^^^^^^^^^^^^^^^^^^^^^^^^^^^^^^^^^^^^^^^^^
  File "/usr/local/lib/python3.12/site-packages/django/db/models/query.py", line 1847, in _insert
    return query.get_compiler(using=using).execute_sql(returning_fields)
           ^^^^^^^^^^^^^^^^^^^^^^^^^^^^^^^^^^^^^^^^^^^^^^^^^^^^^^^^^^^^^
  File "/usr/local/lib/python3.12/site-packages/django/db/models/sql/compiler.py", line 1836, in execute_sql
    cursor.execute(sql, params)
  File "/usr/local/lib/python3.12/site-packages/django/db/backends/utils.py", line 122, in execute
    return super().execute(sql, params)
           ^^^^^^^^^^^^^^^^^^^^^^^^^^^^
  File "/usr/local/lib/python3.12/site-packages/django/db/backends/utils.py", line 79, in execute
    return self._execute_with_wrappers(
           ^^^^^^^^^^^^^^^^^^^^^^^^^^^^
  File "/usr/local/lib/python3.12/site-packages/django/db/backends/utils.py", line 92, in _execute_with_wrappers
    return executor(sql, params, many, context)
           ^^^^^^^^^^^^^^^^^^^^^^^^^^^^^^^^^^^^
  File "/usr/local/lib/python3.12/site-packages/django/db/backends/utils.py", line 100, in _execute
    with self.db.wrap_database_errors:
         ^^^^^^^^^^^^^^^^^^^^^^^^^^^^
  File "/usr/local/lib/python3.12/site-packages/django/db/utils.py", line 91, in __exit__
    raise dj_exc_value.with_traceback(traceback) from exc_value
  File "/usr/local/lib/python3.12/site-packages/django/db/backends/utils.py", line 105, in _execute
    return self.cursor.execute(sql, params)
           ^^^^^^^^^^^^^^^^^^^^^^^^^^^^^^^^
django.db.utils.IntegrityError: duplicate key value violates unique constraint "screening_candidate_email_key"
DETAIL:  Key (email)=(sandrocarcangiu@gmail.com) already exists.

[25/May/2025 11:52:29] "POST /api/candidates/ HTTP/1.1" 500 197387
/app/screening/models.py changed, reloading.
Watching for file changes with StatReloader
Performing system checks...

System check identified no issues (0 silenced).
May 25, 2025 - 12:22:19
Django version 5.1.9, using settings 'app.settings'
Starting development server at http://0.0.0.0:8000/
Quit the server with CONTROL-C.

/app/screening/tasks.py changed, reloading.
Watching for file changes with StatReloader
Performing system checks...

System check identified no issues (0 silenced).
May 25, 2025 - 12:24:21
Django version 5.1.9, using settings 'app.settings'
Starting development server at http://0.0.0.0:8000/
Quit the server with CONTROL-C.

/app/screening/tasks.py changed, reloading.
Watching for file changes with StatReloader
Performing system checks...

System check identified no issues (0 silenced).
May 25, 2025 - 12:24:41
Django version 5.1.9, using settings 'app.settings'
Starting development server at http://0.0.0.0:8000/
Quit the server with CONTROL-C.

/app/screening/tasks.py changed, reloading.
Watching for file changes with StatReloader
Performing system checks...

Exception in thread django-main-thread:
Traceback (most recent call last):
  File "/usr/local/lib/python3.12/threading.py", line 1075, in _bootstrap_inner
    self.run()
  File "/usr/local/lib/python3.12/threading.py", line 1012, in run
    self._target(*self._args, **self._kwargs)
  File "/usr/local/lib/python3.12/site-packages/django/utils/autoreload.py", line 64, in wrapper
    fn(*args, **kwargs)
  File "/usr/local/lib/python3.12/site-packages/django/core/management/commands/runserver.py", line 134, in inner_run
    self.check(display_num_errors=True)
  File "/usr/local/lib/python3.12/site-packages/django/core/management/base.py", line 486, in check
    all_issues = checks.run_checks(
                 ^^^^^^^^^^^^^^^^^^
  File "/usr/local/lib/python3.12/site-packages/django/core/checks/registry.py", line 88, in run_checks
    new_errors = check(app_configs=app_configs, databases=databases)
                 ^^^^^^^^^^^^^^^^^^^^^^^^^^^^^^^^^^^^^^^^^^^^^^^^^^^
  File "/usr/local/lib/python3.12/site-packages/django/core/checks/urls.py", line 136, in check_custom_error_handlers
    handler = resolver.resolve_error_handler(status_code)
              ^^^^^^^^^^^^^^^^^^^^^^^^^^^^^^^^^^^^^^^^^^^
  File "/usr/local/lib/python3.12/site-packages/django/urls/resolvers.py", line 732, in resolve_error_handler
    callback = getattr(self.urlconf_module, "handler%s" % view_type, None)
                       ^^^^^^^^^^^^^^^^^^^
  File "/usr/local/lib/python3.12/site-packages/django/utils/functional.py", line 47, in __get__
    res = instance.__dict__[self.name] = self.func(instance)
                                         ^^^^^^^^^^^^^^^^^^^
  File "/usr/local/lib/python3.12/site-packages/django/urls/resolvers.py", line 711, in urlconf_module
    return import_module(self.urlconf_name)
           ^^^^^^^^^^^^^^^^^^^^^^^^^^^^^^^^
  File "/usr/local/lib/python3.12/importlib/__init__.py", line 90, in import_module
    return _bootstrap._gcd_import(name[level:], package, level)
           ^^^^^^^^^^^^^^^^^^^^^^^^^^^^^^^^^^^^^^^^^^^^^^^^^^^^
  File "<frozen importlib._bootstrap>", line 1387, in _gcd_import
  File "<frozen importlib._bootstrap>", line 1360, in _find_and_load
  File "<frozen importlib._bootstrap>", line 1331, in _find_and_load_unlocked
  File "<frozen importlib._bootstrap>", line 935, in _load_unlocked
  File "<frozen importlib._bootstrap_external>", line 999, in exec_module
  File "<frozen importlib._bootstrap>", line 488, in _call_with_frames_removed
  File "/app/app/urls.py", line 30, in <module>
    path("api/", include("screening.urls"))
                 ^^^^^^^^^^^^^^^^^^^^^^^^^
  File "/usr/local/lib/python3.12/site-packages/django/urls/conf.py", line 39, in include
    urlconf_module = import_module(urlconf_module)
                     ^^^^^^^^^^^^^^^^^^^^^^^^^^^^^
  File "/usr/local/lib/python3.12/importlib/__init__.py", line 90, in import_module
    return _bootstrap._gcd_import(name[level:], package, level)
           ^^^^^^^^^^^^^^^^^^^^^^^^^^^^^^^^^^^^^^^^^^^^^^^^^^^^
  File "<frozen importlib._bootstrap>", line 1387, in _gcd_import
  File "<frozen importlib._bootstrap>", line 1360, in _find_and_load
  File "<frozen importlib._bootstrap>", line 1331, in _find_and_load_unlocked
  File "<frozen importlib._bootstrap>", line 935, in _load_unlocked
  File "<frozen importlib._bootstrap_external>", line 999, in exec_module
  File "<frozen importlib._bootstrap>", line 488, in _call_with_frames_removed
  File "/app/screening/urls.py", line 2, in <module>
    from .views import CandidateCreateView, CandidateDetailView
  File "/app/screening/views.py", line 6, in <module>
    from .tasks import run_screening
  File "/app/screening/tasks.py", line 48
    if domain
             ^
SyntaxError: expected ':'
/app/screening/tasks.py changed, reloading.
Watching for file changes with StatReloader
Performing system checks...

System check identified no issues (0 silenced).
May 25, 2025 - 12:28:52
Django version 5.1.9, using settings 'app.settings'
Starting development server at http://0.0.0.0:8000/
Quit the server with CONTROL-C.

/app/screening/tasks.py changed, reloading.
Watching for file changes with StatReloader
Performing system checks...

Exception in thread django-main-thread:
Traceback (most recent call last):
  File "/usr/local/lib/python3.12/threading.py", line 1075, in _bootstrap_inner
    self.run()
  File "/usr/local/lib/python3.12/threading.py", line 1012, in run
    self._target(*self._args, **self._kwargs)
  File "/usr/local/lib/python3.12/site-packages/django/utils/autoreload.py", line 64, in wrapper
    fn(*args, **kwargs)
  File "/usr/local/lib/python3.12/site-packages/django/core/management/commands/runserver.py", line 134, in inner_run
    self.check(display_num_errors=True)
  File "/usr/local/lib/python3.12/site-packages/django/core/management/base.py", line 486, in check
    all_issues = checks.run_checks(
                 ^^^^^^^^^^^^^^^^^^
  File "/usr/local/lib/python3.12/site-packages/django/core/checks/registry.py", line 88, in run_checks
    new_errors = check(app_configs=app_configs, databases=databases)
                 ^^^^^^^^^^^^^^^^^^^^^^^^^^^^^^^^^^^^^^^^^^^^^^^^^^^
  File "/usr/local/lib/python3.12/site-packages/django/core/checks/urls.py", line 136, in check_custom_error_handlers
    handler = resolver.resolve_error_handler(status_code)
              ^^^^^^^^^^^^^^^^^^^^^^^^^^^^^^^^^^^^^^^^^^^
  File "/usr/local/lib/python3.12/site-packages/django/urls/resolvers.py", line 732, in resolve_error_handler
    callback = getattr(self.urlconf_module, "handler%s" % view_type, None)
                       ^^^^^^^^^^^^^^^^^^^
  File "/usr/local/lib/python3.12/site-packages/django/utils/functional.py", line 47, in __get__
    res = instance.__dict__[self.name] = self.func(instance)
                                         ^^^^^^^^^^^^^^^^^^^
  File "/usr/local/lib/python3.12/site-packages/django/urls/resolvers.py", line 711, in urlconf_module
    return import_module(self.urlconf_name)
           ^^^^^^^^^^^^^^^^^^^^^^^^^^^^^^^^
  File "/usr/local/lib/python3.12/importlib/__init__.py", line 90, in import_module
    return _bootstrap._gcd_import(name[level:], package, level)
           ^^^^^^^^^^^^^^^^^^^^^^^^^^^^^^^^^^^^^^^^^^^^^^^^^^^^
  File "<frozen importlib._bootstrap>", line 1387, in _gcd_import
  File "<frozen importlib._bootstrap>", line 1360, in _find_and_load
  File "<frozen importlib._bootstrap>", line 1331, in _find_and_load_unlocked
  File "<frozen importlib._bootstrap>", line 935, in _load_unlocked
  File "<frozen importlib._bootstrap_external>", line 999, in exec_module
  File "<frozen importlib._bootstrap>", line 488, in _call_with_frames_removed
  File "/app/app/urls.py", line 30, in <module>
    path("api/", include("screening.urls"))
                 ^^^^^^^^^^^^^^^^^^^^^^^^^
  File "/usr/local/lib/python3.12/site-packages/django/urls/conf.py", line 39, in include
    urlconf_module = import_module(urlconf_module)
                     ^^^^^^^^^^^^^^^^^^^^^^^^^^^^^
  File "/usr/local/lib/python3.12/importlib/__init__.py", line 90, in import_module
    return _bootstrap._gcd_import(name[level:], package, level)
           ^^^^^^^^^^^^^^^^^^^^^^^^^^^^^^^^^^^^^^^^^^^^^^^^^^^^
  File "<frozen importlib._bootstrap>", line 1387, in _gcd_import
  File "<frozen importlib._bootstrap>", line 1360, in _find_and_load
  File "<frozen importlib._bootstrap>", line 1331, in _find_and_load_unlocked
  File "<frozen importlib._bootstrap>", line 935, in _load_unlocked
  File "<frozen importlib._bootstrap_external>", line 999, in exec_module
  File "<frozen importlib._bootstrap>", line 488, in _call_with_frames_removed
  File "/app/screening/urls.py", line 2, in <module>
    from .views import CandidateCreateView, CandidateDetailView
  File "/app/screening/views.py", line 6, in <module>
    from .tasks import run_screening
  File "/app/screening/tasks.py", line 51
    qs = 
         ^
SyntaxError: invalid syntax
/app/screening/tasks.py changed, reloading.
Watching for file changes with StatReloader
Performing system checks...

System check identified no issues (0 silenced).
May 25, 2025 - 12:29:43
Django version 5.1.9, using settings 'app.settings'
Starting development server at http://0.0.0.0:8000/
Quit the server with CONTROL-C.

/app/screening/tasks.py changed, reloading.
Watching for file changes with StatReloader
Performing system checks...

System check identified no issues (0 silenced).
May 25, 2025 - 12:35:59
Django version 5.1.9, using settings 'app.settings'
Starting development server at http://0.0.0.0:8000/
Quit the server with CONTROL-C.

/app/screening/tasks.py changed, reloading.
Watching for file changes with StatReloader
Performing system checks...

System check identified no issues (0 silenced).
May 25, 2025 - 12:38:49
Django version 5.1.9, using settings 'app.settings'
Starting development server at http://0.0.0.0:8000/
Quit the server with CONTROL-C.

2025-05-25 12:39:31 ... Applying migrations
Operations to perform:
  Apply all migrations: admin, auth, contenttypes, screening, sessions
Running migrations:
  No migrations to apply.
2025-05-25 12:39:33 ... Applying migrations is DONE
2025-05-25 12:39:33 ... Loading Initial data
Installed 1 object(s) from 1 fixture(s)
2025-05-25 12:39:35 ... Loading Initial data is DONE
2025-05-25 12:39:35 ... Running the Server
Watching for file changes with StatReloader
Performing system checks...

System check identified no issues (0 silenced).
May 25, 2025 - 12:39:38
Django version 5.1.9, using settings 'app.settings'
Starting development server at http://0.0.0.0:8000/
Quit the server with CONTROL-C.

[25/May/2025 12:39:45] "POST /api/token/ HTTP/1.1" 200 483
[25/May/2025 12:39:50] "GET /admin/screening/candidate/ HTTP/1.1" 302 0
[25/May/2025 12:39:50] "GET /admin/login/?next=/admin/screening/candidate/ HTTP/1.1" 200 4200
[25/May/2025 12:39:50] "GET /static/admin/css/base.css HTTP/1.1" 304 0
[25/May/2025 12:39:50] "GET /static/admin/css/nav_sidebar.css HTTP/1.1" 304 0
[25/May/2025 12:39:50] "GET /static/admin/css/dark_mode.css HTTP/1.1" 304 0
[25/May/2025 12:39:50] "GET /static/admin/css/login.css HTTP/1.1" 304 0
[25/May/2025 12:39:50] "GET /static/admin/css/responsive.css HTTP/1.1" 304 0
[25/May/2025 12:39:50] "GET /static/admin/js/theme.js HTTP/1.1" 304 0
[25/May/2025 12:39:50] "GET /static/admin/js/nav_sidebar.js HTTP/1.1" 304 0
[25/May/2025 12:39:55] "POST /admin/login/?next=/admin/screening/candidate/ HTTP/1.1" 302 0
[25/May/2025 12:39:55] "GET /admin/screening/candidate/ HTTP/1.1" 200 9857
[25/May/2025 12:39:55] "GET /static/admin/css/changelists.css HTTP/1.1" 304 0
[25/May/2025 12:39:55] "GET /static/admin/js/core.js HTTP/1.1" 304 0
[25/May/2025 12:39:55] "GET /static/admin/js/vendor/jquery/jquery.js HTTP/1.1" 304 0
[25/May/2025 12:39:55] "GET /static/admin/js/admin/RelatedObjectLookups.js HTTP/1.1" 304 0
[25/May/2025 12:39:55] "GET /static/admin/js/jquery.init.js HTTP/1.1" 304 0
[25/May/2025 12:39:55] "GET /static/admin/js/actions.js HTTP/1.1" 304 0
[25/May/2025 12:39:55] "GET /static/admin/js/urlify.js HTTP/1.1" 304 0
[25/May/2025 12:39:55] "GET /static/admin/js/prepopulate.js HTTP/1.1" 304 0
[25/May/2025 12:39:55] "GET /static/admin/js/vendor/xregexp/xregexp.js HTTP/1.1" 304 0
[25/May/2025 12:39:55] "GET /admin/jsi18n/ HTTP/1.1" 200 3342
[25/May/2025 12:39:55] "GET /static/admin/js/filters.js HTTP/1.1" 304 0
[25/May/2025 12:39:55] "GET /static/admin/img/tooltag-add.svg HTTP/1.1" 304 0
[25/May/2025 12:39:55] "GET /static/admin/img/icon-addlink.svg HTTP/1.1" 304 0
[25/May/2025 12:39:58] "POST /admin/screening/candidate/ HTTP/1.1" 200 8030
[25/May/2025 12:39:58] "GET /static/admin/js/cancel.js HTTP/1.1" 304 0
[25/May/2025 12:39:59] "POST /admin/screening/candidate/ HTTP/1.1" 302 0
[25/May/2025 12:39:59] "GET /admin/screening/candidate/ HTTP/1.1" 200 8015
[25/May/2025 12:39:59] "GET /admin/jsi18n/ HTTP/1.1" 200 3342
[25/May/2025 12:39:59] "GET /static/admin/img/icon-yes.svg HTTP/1.1" 304 0
[25/May/2025 12:40:03] "POST /api/candidates/ HTTP/1.1" 201 241
[25/May/2025 12:40:09] "POST /api/candidates/ HTTP/1.1" 201 240
[25/May/2025 12:40:15] "GET /api/candidates/0d159b15-5e7e-4a4e-b99d-936b25040cd1 HTTP/1.1" 301 0
[25/May/2025 12:40:15] "GET /api/candidates/0d159b15-5e7e-4a4e-b99d-936b25040cd1/ HTTP/1.1" 200 322
[25/May/2025 12:40:23] "GET /admin/screening/candidate/ HTTP/1.1" 200 10392
[25/May/2025 12:40:23] "GET /admin/jsi18n/ HTTP/1.1" 200 3342
[25/May/2025 12:40:48] "POST /admin/screening/candidate/ HTTP/1.1" 200 8269
[25/May/2025 12:40:49] "POST /admin/screening/candidate/ HTTP/1.1" 302 0
[25/May/2025 12:40:49] "GET /admin/screening/candidate/ HTTP/1.1" 200 8016
[25/May/2025 12:40:49] "GET /admin/jsi18n/ HTTP/1.1" 200 3342
[25/May/2025 12:40:56] "POST /api/candidates/ HTTP/1.1" 201 240
[25/May/2025 12:41:00] "POST /api/candidates/ HTTP/1.1" 201 241
[25/May/2025 12:41:06] "GET /api/candidates/6f9f68d8-63e1-49a9-ad7c-f042d6aec60b HTTP/1.1" 301 0
[25/May/2025 12:41:06] "GET /api/candidates/6f9f68d8-63e1-49a9-ad7c-f042d6aec60b/ HTTP/1.1" 200 241
[25/May/2025 12:41:09] "GET /api/candidates/6f9f68d8-63e1-49a9-ad7c-f042d6aec60b HTTP/1.1" 301 0
[25/May/2025 12:41:09] "GET /api/candidates/6f9f68d8-63e1-49a9-ad7c-f042d6aec60b/ HTTP/1.1" 200 241
/app/screening/tasks.py changed, reloading.
Watching for file changes with StatReloader
Performing system checks...

System check identified no issues (0 silenced).
May 25, 2025 - 12:41:58
Django version 5.1.9, using settings 'app.settings'
Starting development server at http://0.0.0.0:8000/
Quit the server with CONTROL-C.

[25/May/2025 12:42:04] "GET /admin/screening/candidate/ HTTP/1.1" 200 10392
[25/May/2025 12:42:04] "GET /admin/jsi18n/ HTTP/1.1" 200 3342
[25/May/2025 12:42:07] "GET /api/candidates/6f9f68d8-63e1-49a9-ad7c-f042d6aec60b HTTP/1.1" 301 0
[25/May/2025 12:42:07] "GET /api/candidates/6f9f68d8-63e1-49a9-ad7c-f042d6aec60b/ HTTP/1.1" 200 241
Bad Request: /api/candidates/
[25/May/2025 12:42:14] "POST /api/candidates/ HTTP/1.1" 400 55
[25/May/2025 12:42:19] "POST /api/candidates/ HTTP/1.1" 201 242
[25/May/2025 12:42:22] "GET /api/candidates/a95e405b-e984-4795-96e8-1bbb072dcd86 HTTP/1.1" 301 0
[25/May/2025 12:42:22] "GET /api/candidates/a95e405b-e984-4795-96e8-1bbb072dcd86/ HTTP/1.1" 200 330
[25/May/2025 12:42:31] "POST /admin/screening/candidate/ HTTP/1.1" 200 8269
[25/May/2025 12:42:32] "POST /admin/screening/candidate/ HTTP/1.1" 302 0
[25/May/2025 12:42:32] "GET /admin/screening/candidate/ HTTP/1.1" 200 10001
[25/May/2025 12:42:32] "GET /admin/jsi18n/ HTTP/1.1" 200 3342
[25/May/2025 12:42:35] "GET /admin/screening/candidate/ HTTP/1.1" 200 9861
[25/May/2025 12:42:35] "GET /admin/jsi18n/ HTTP/1.1" 200 3342
[25/May/2025 12:42:39] "POST /admin/screening/candidate/ HTTP/1.1" 200 8031
[25/May/2025 12:42:39] "POST /admin/screening/candidate/ HTTP/1.1" 302 0
[25/May/2025 12:42:39] "GET /admin/screening/candidate/ HTTP/1.1" 200 8015
[25/May/2025 12:42:39] "GET /admin/jsi18n/ HTTP/1.1" 200 3342
[25/May/2025 12:42:46] "POST /api/candidates/ HTTP/1.1" 201 241
[25/May/2025 12:42:50] "POST /api/candidates/ HTTP/1.1" 201 242
[25/May/2025 12:42:51] "GET /api/candidates/52f9ea5b-34e5-48c7-9e0f-79b1e5228155 HTTP/1.1" 301 0
[25/May/2025 12:42:51] "GET /api/candidates/52f9ea5b-34e5-48c7-9e0f-79b1e5228155/ HTTP/1.1" 200 330
[25/May/2025 12:42:55] "GET /admin/screening/candidate/ HTTP/1.1" 200 10396
[25/May/2025 12:42:55] "GET /admin/jsi18n/ HTTP/1.1" 200 3342
[25/May/2025 12:42:57] "GET /admin/screening/candidate/6c54420b-bab9-46b7-9bdc-281db86e9307/change/ HTTP/1.1" 200 11494
[25/May/2025 12:42:57] "GET /static/admin/css/forms.css HTTP/1.1" 304 0
[25/May/2025 12:42:57] "GET /static/admin/js/prepopulate_init.js HTTP/1.1" 304 0
[25/May/2025 12:42:57] "GET /static/admin/css/widgets.css HTTP/1.1" 304 0
[25/May/2025 12:42:57] "GET /admin/jsi18n/ HTTP/1.1" 200 3342
[25/May/2025 12:42:57] "GET /static/admin/js/change_form.js HTTP/1.1" 304 0
[25/May/2025 12:42:59] "GET /admin/screening/candidate/ HTTP/1.1" 200 10396
/app/screening/tasks.py changed, reloading.
Watching for file changes with StatReloader
Performing system checks...

System check identified no issues (0 silenced).
May 25, 2025 - 12:44:46
Django version 5.1.9, using settings 'app.settings'
Starting development server at http://0.0.0.0:8000/
Quit the server with CONTROL-C.

[25/May/2025 12:45:00] "POST /admin/screening/candidate/ HTTP/1.1" 200 8270
[25/May/2025 12:45:01] "POST /admin/screening/candidate/ HTTP/1.1" 302 0
[25/May/2025 12:45:02] "GET /admin/screening/candidate/ HTTP/1.1" 200 8016
[25/May/2025 12:45:02] "GET /admin/jsi18n/ HTTP/1.1" 200 3342
Unauthorized: /api/candidates/
[25/May/2025 12:45:11] "POST /api/candidates/ HTTP/1.1" 401 172
Unauthorized: /api/candidates/
[25/May/2025 12:45:14] "POST /api/candidates/ HTTP/1.1" 401 172
[25/May/2025 12:45:18] "POST /api/token/ HTTP/1.1" 200 483
[25/May/2025 12:45:19] "POST /api/candidates/ HTTP/1.1" 201 241
[25/May/2025 12:45:22] "GET /api/candidates/3356ee50-5a18-46b8-912b-1d18b43d9069 HTTP/1.1" 301 0
[25/May/2025 12:45:22] "GET /api/candidates/3356ee50-5a18-46b8-912b-1d18b43d9069/ HTTP/1.1" 200 323
[25/May/2025 12:45:29] "POST /api/candidates/ HTTP/1.1" 201 242
[25/May/2025 12:45:32] "GET /api/candidates/af518e6d-1754-408b-a955-909769493238 HTTP/1.1" 301 0
[25/May/2025 12:45:32] "GET /api/candidates/af518e6d-1754-408b-a955-909769493238/ HTTP/1.1" 200 330
/app/screening/tasks.py changed, reloading.
Watching for file changes with StatReloader
Performing system checks...

System check identified no issues (0 silenced).
May 25, 2025 - 12:47:09
Django version 5.1.9, using settings 'app.settings'
Starting development server at http://0.0.0.0:8000/
Quit the server with CONTROL-C.

/app/screening/tasks.py changed, reloading.
Watching for file changes with StatReloader
Performing system checks...

System check identified no issues (0 silenced).
May 25, 2025 - 12:47:40
Django version 5.1.9, using settings 'app.settings'
Starting development server at http://0.0.0.0:8000/
Quit the server with CONTROL-C.

[25/May/2025 12:47:55] "GET /admin/screening/candidate/ HTTP/1.1" 200 10396
[25/May/2025 12:47:55] "GET /admin/jsi18n/ HTTP/1.1" 200 3342
[25/May/2025 12:47:59] "POST /admin/screening/candidate/ HTTP/1.1" 200 8270
[25/May/2025 12:48:00] "POST /admin/screening/candidate/ HTTP/1.1" 302 0
[25/May/2025 12:48:00] "GET /admin/screening/candidate/ HTTP/1.1" 200 8016
[25/May/2025 12:48:00] "GET /admin/jsi18n/ HTTP/1.1" 200 3342
[25/May/2025 12:48:04] "POST /api/token/ HTTP/1.1" 200 483
[25/May/2025 12:48:06] "POST /api/candidates/ HTTP/1.1" 201 242
/app/screening/tasks.py changed, reloading.
Watching for file changes with StatReloader
Performing system checks...

System check identified no issues (0 silenced).
May 25, 2025 - 12:50:04
Django version 5.1.9, using settings 'app.settings'
Starting development server at http://0.0.0.0:8000/
Quit the server with CONTROL-C.

[25/May/2025 12:50:21] "GET /admin/screening/candidate/ HTTP/1.1" 200 9859
[25/May/2025 12:50:21] "GET /admin/jsi18n/ HTTP/1.1" 200 3342
[25/May/2025 12:50:24] "POST /admin/screening/candidate/ HTTP/1.1" 200 8030
[25/May/2025 12:50:25] "POST /admin/screening/candidate/ HTTP/1.1" 302 0
[25/May/2025 12:50:25] "GET /admin/screening/candidate/ HTTP/1.1" 200 8015
[25/May/2025 12:50:25] "GET /admin/jsi18n/ HTTP/1.1" 200 3342
[25/May/2025 12:50:29] "POST /api/candidates/ HTTP/1.1" 201 242
[25/May/2025 12:50:53] "POST /api/candidates/ HTTP/1.1" 201 241
[25/May/2025 12:51:01] "GET /admin/screening/candidate/ HTTP/1.1" 200 10394
[25/May/2025 12:51:01] "GET /admin/jsi18n/ HTTP/1.1" 200 3342
[25/May/2025 12:51:02] "GET /admin/screening/candidate/568e95d5-d2d7-4e8d-bcee-5b104d0489fc/change/ HTTP/1.1" 200 11156
[25/May/2025 12:51:02] "GET /admin/jsi18n/ HTTP/1.1" 200 3342
[25/May/2025 12:51:04] "GET /admin/screening/candidate/ HTTP/1.1" 200 10394
[25/May/2025 12:51:05] "GET /admin/screening/candidate/98686f2d-6d1a-4244-8c5a-f7f0f8836345/change/ HTTP/1.1" 200 11157
[25/May/2025 12:51:05] "GET /admin/jsi18n/ HTTP/1.1" 200 3342
/app/screening/tasks.py changed, reloading.
Watching for file changes with StatReloader
Performing system checks...

System check identified no issues (0 silenced).
May 25, 2025 - 12:51:44
Django version 5.1.9, using settings 'app.settings'
Starting development server at http://0.0.0.0:8000/
Quit the server with CONTROL-C.

[25/May/2025 12:51:45] "GET /admin/screening/candidate/ HTTP/1.1" 200 10394
[25/May/2025 12:51:45] "GET /admin/jsi18n/ HTTP/1.1" 200 3342
[25/May/2025 12:51:48] "POST /admin/screening/candidate/ HTTP/1.1" 200 8269
[25/May/2025 12:51:49] "POST /admin/screening/candidate/ HTTP/1.1" 302 0
[25/May/2025 12:51:49] "GET /admin/screening/candidate/ HTTP/1.1" 200 8016
[25/May/2025 12:51:49] "GET /admin/jsi18n/ HTTP/1.1" 200 3342
[25/May/2025 12:52:01] "POST /api/candidates/ HTTP/1.1" 201 241
[25/May/2025 12:52:34] "GET /api/candidates/1e97ab02-c85d-42c1-95ca-9eb7731a6521 HTTP/1.1" 301 0
[25/May/2025 12:52:34] "GET /api/candidates/1e97ab02-c85d-42c1-95ca-9eb7731a6521/ HTTP/1.1" 200 323
Bad Request: /api/candidates/
[25/May/2025 12:52:43] "POST /api/candidates/ HTTP/1.1" 400 42
[25/May/2025 12:52:48] "POST /api/candidates/ HTTP/1.1" 201 242
[25/May/2025 12:52:52] "GET /api/candidates/86a9f022-45c5-4561-83d5-4f8c135d5cd9 HTTP/1.1" 301 0
[25/May/2025 12:52:52] "GET /api/candidates/86a9f022-45c5-4561-83d5-4f8c135d5cd9/ HTTP/1.1" 200 330
