gRPC server starting at 2025-05-25 10:48:14.982556
gRPC server is listening port 50051
gRPC server starting at 2025-05-25 11:06:31.882397
Traceback (most recent call last):
  File "/app/manage.py", line 22, in <module>
    main()
  File "/app/manage.py", line 18, in main
    execute_from_command_line(sys.argv)
  File "/usr/local/lib/python3.12/site-packages/django/core/management/__init__.py", line 442, in execute_from_command_line
    utility.execute()
  File "/usr/local/lib/python3.12/site-packages/django/core/management/__init__.py", line 436, in execute
    self.fetch_command(subcommand).run_from_argv(self.argv)
  File "/usr/local/lib/python3.12/site-packages/django/core/management/base.py", line 413, in run_from_argv
    self.execute(*args, **cmd_options)
  File "/usr/local/lib/python3.12/site-packages/django/core/management/base.py", line 459, in execute
    output = self.handle(*args, **options)
             ^^^^^^^^^^^^^^^^^^^^^^^^^^^^^
  File "/usr/local/lib/python3.12/site-packages/django_grpc/management/commands/grpcserver.py", line 41, in handle
    self._serve(**options)
  File "/usr/local/lib/python3.12/site-packages/django_grpc/management/commands/grpcserver.py", line 50, in _serve
    server = create_server(max_workers, port)
             ^^^^^^^^^^^^^^^^^^^^^^^^^^^^^^^^
  File "/usr/local/lib/python3.12/site-packages/django_grpc/utils.py", line 41, in create_server
    add_servicers(server, servicers_list)
  File "/usr/local/lib/python3.12/site-packages/django_grpc/utils.py", line 79, in add_servicers
    callback = import_string(path)
               ^^^^^^^^^^^^^^^^^^^
  File "/usr/local/lib/python3.12/site-packages/django/utils/module_loading.py", line 30, in import_string
    return cached_import(module_path, class_name)
           ^^^^^^^^^^^^^^^^^^^^^^^^^^^^^^^^^^^^^^
  File "/usr/local/lib/python3.12/site-packages/django/utils/module_loading.py", line 15, in cached_import
    module = import_module(module_path)
             ^^^^^^^^^^^^^^^^^^^^^^^^^^
  File "/usr/local/lib/python3.12/importlib/__init__.py", line 90, in import_module
    return _bootstrap._gcd_import(name[level:], package, level)
           ^^^^^^^^^^^^^^^^^^^^^^^^^^^^^^^^^^^^^^^^^^^^^^^^^^^^
  File "<frozen importlib._bootstrap>", line 1387, in _gcd_import
  File "<frozen importlib._bootstrap>", line 1360, in _find_and_load
  File "<frozen importlib._bootstrap>", line 1331, in _find_and_load_unlocked
  File "<frozen importlib._bootstrap>", line 935, in _load_unlocked
  File "<frozen importlib._bootstrap_external>", line 999, in exec_module
  File "<frozen importlib._bootstrap>", line 488, in _call_with_frames_removed
  File "/app/app/grpc/hook.py", line 1, in <module>
    from app.grpc.services import CandidateStatusService
  File "/app/app/grpc/services.py", line 3, in <module>
    from app.grpc import candidate_pb2, candidate_pb2_grpc
  File "/app/app/grpc/candidate_pb2_grpc.py", line 6, in <module>
    import candidate_pb2 as candidate__pb2
ModuleNotFoundError: No module named 'candidate_pb2'
gRPC server starting at 2025-05-25 11:08:50.974173
gRPC server is listening port 50051
gRPC server starting at 2025-05-25 11:11:44.726898
gRPC server is listening port 50051
gRPC server starting at 2025-05-25 11:16:03.495350
gRPC server is listening port 50051
gRPC server starting at 2025-05-25 11:20:05.270456
gRPC server is listening port 50051
porcoddio : [name: "format"
result: "Passed"
, name: "duplicates"
result: "No duplicates"
]
gRPC server starting at 2025-05-25 11:29:14.513199
gRPC server is listening port 50051
gRPC server starting at 2025-05-25 11:45:32.374050
gRPC server is listening port 50051
